2026-04-16 10:00:05,907 | INFO     | __main__ | 🎭 Mafia Bot v3.0 ishga tushmoqda...
2026-04-16 10:00:05,929 | INFO     | __main__ | ✅ Ma'lumotlar bazasi tayyor.
2026-04-16 10:00:18,320 | ERROR    | asyncio | Unclosed client session
client_session: <aiohttp.client.ClientSession object at 0x0000025130332A80>
2026-04-16 10:05:42,344 | INFO     | __main__ | 🎭 Mafia Bot v3.0 ishga tushmoqda...
2026-04-16 10:05:42,348 | INFO     | __main__ | ✅ Ma'lumotlar bazasi tayyor.
2026-04-16 10:05:47,495 | INFO     | __main__ | ✅ Bot: @Mafia_uz_probot (ID:7970200923)
2026-04-16 10:05:47,495 | INFO     | __main__ | ⚙️  Min:4 | Max:15 | Lobby:120s | Tun:45s | Kun:90s | Ovoz:50s
2026-04-16 10:05:47,496 | INFO     | __main__ | ════════════════════════════════════════════════════════════
2026-04-16 10:05:47,496 | INFO     | aiogram.dispatcher | Start polling
2026-04-16 10:05:47,590 | INFO     | aiogram.dispatcher | Run polling for bot @Mafia_uz_probot id=7970200923 - 'Mafia pro'
2026-04-16 10:11:28,818 | INFO     | aiogram.event | Update id=560136926 is handled. Duration 734 ms by bot id=7970200923
2026-04-16 10:11:31,950 | INFO     | aiogram.event | Update id=560136927 is handled. Duration 343 ms by bot id=7970200923
2026-04-16 10:11:36,265 | INFO     | aiogram.event | Update id=560136928 is handled. Duration 155 ms by bot id=7970200923
2026-04-16 10:13:04,758 | INFO     | aiogram.event | Update id=560136929 is not handled. Duration 0 ms by bot id=7970200923
2026-04-16 10:21:18,552 | INFO     | aiogram.dispatcher | Polling stopped
2026-04-16 10:21:18,812 | INFO     | __main__ | 🛑 Bot to'xtatildi.
2026-04-16 10:21:18,813 | INFO     | aiogram.dispatcher | Polling stopped for bot @Mafia_uz_probot id=7970200923 - 'Mafia pro'
2026-04-16 10:21:18,815 | INFO     | __main__ | Foydalanuvchi to'xtatdi.
2026-04-16 10:21:23,731 | INFO     | __main__ | 🎭 Mafia Bot v3.0 ishga tushmoqda...
2026-04-16 10:21:23,738 | INFO     | __main__ | ✅ Ma'lumotlar bazasi tayyor.
2026-04-16 10:21:24,329 | INFO     | __main__ | ✅ Bot: @Mafia_uz_probot (ID:7970200923)
2026-04-16 10:21:24,329 | INFO     | __main__ | ⚙️  Min:4 | Max:15 | Lobby:120s | Tun:45s | Kun:90s | Ovoz:50s
2026-04-16 10:21:24,330 | INFO     | __main__ | ════════════════════════════════════════════════════════════
2026-04-16 10:21:24,331 | INFO     | aiogram.dispatcher | Start polling
2026-04-16 10:21:24,432 | INFO     | aiogram.dispatcher | Run polling for bot @Mafia_uz_probot id=7970200923 - 'Mafia Pro'
2026-04-16 10:21:35,054 | INFO     | aiogram.event | Update id=560136930 is handled. Duration 422 ms by bot id=7970200923
2026-04-16 10:21:45,528 | INFO     | aiogram.event | Update id=560136931 is handled. Duration 187 ms by bot id=7970200923
2026-04-16 10:22:44,712 | INFO     | aiogram.event | Update id=560136932 is handled. Duration 390 ms by bot id=7970200923
2026-04-16 10:22:47,976 | INFO     | logic.registry | [Registry] Yangi o'yin: -1003288344379 | Jami: 1
2026-04-16 10:22:48,116 | INFO     | aiogram.event | Update id=560136933 is handled. Duration 156 ms by bot id=7970200923
2026-04-16 10:24:48,123 | INFO     | logic.registry | [Registry] O'yin tugadi: -1003288344379 | Qolgan: 0
2026-04-16 10:36:19,528 | INFO     | aiogram.event | Update id=560136934 is handled. Duration 422 ms by bot id=7970200923
2026-04-16 10:36:26,752 | INFO     | aiogram.event | Update id=560136935 is handled. Duration 125 ms by bot id=7970200923
2026-04-16 10:36:28,971 | INFO     | aiogram.event | Update id=560136936 is handled. Duration 420 ms by bot id=7970200923
2026-04-16 10:36:30,814 | INFO     | logic.registry | [Registry] Yangi o'yin: -1003288344379 | Jami: 1
2026-04-16 10:36:30,958 | INFO     | aiogram.event | Update id=560136937 is handled. Duration 155 ms by bot id=7970200923
2026-04-16 10:38:30,972 | INFO     | logic.registry | [Registry] O'yin tugadi: -1003288344379 | Qolgan: 0
2026-04-16 10:38:32,827 | INFO     | aiogram.event | Update id=560136938 is handled. Duration 155 ms by bot id=7970200923
2026-04-16 10:39:16,736 | INFO     | aiogram.dispatcher | Polling stopped
2026-04-16 10:39:17,002 | INFO     | __main__ | 🛑 Bot to'xtatildi.
2026-04-16 10:39:17,004 | INFO     | aiogram.dispatcher | Polling stopped for bot @Mafia_uz_probot id=7970200923 - 'Mafia Pro'
2026-04-16 10:39:17,007 | INFO     | __main__ | Foydalanuvchi to'xtatdi.
2026-04-16 10:39:20,175 | INFO     | __main__ | 🎭 Mafia Bot v3.0 ishga tushmoqda...
2026-04-16 10:39:20,179 | INFO     | __main__ | ✅ Ma'lumotlar bazasi tayyor.
2026-04-16 10:39:20,941 | INFO     | __main__ | ✅ Bot: @Mafia_uz_probot (ID:7970200923)
2026-04-16 10:39:20,941 | INFO     | __main__ | ⚙️  Min:4 | Max:15 | Lobby:120s | Tun:45s | Kun:90s | Ovoz:50s
2026-04-16 10:39:20,941 | INFO     | __main__ | ════════════════════════════════════════════════════════════
2026-04-16 10:39:20,942 | INFO     | aiogram.dispatcher | Start polling
2026-04-16 10:39:21,031 | INFO     | aiogram.dispatcher | Run polling for bot @Mafia_uz_probot id=7970200923 - 'Mafia Pro'
2026-04-16 10:39:30,078 | INFO     | aiogram.event | Update id=560136939 is handled. Duration 327 ms by bot id=7970200923
2026-04-16 10:45:15,589 | INFO     | aiogram.event | Update id=560136940 is handled. Duration 436 ms by bot id=7970200923
2026-04-16 10:45:23,530 | INFO     | aiogram.dispatcher | Polling stopped
2026-04-16 10:45:23,782 | INFO     | __main__ | 🛑 Bot to'xtatildi.
2026-04-16 10:45:23,785 | INFO     | aiogram.dispatcher | Polling stopped for bot @Mafia_uz_probot id=7970200923 - 'Mafia Pro'
2026-04-16 10:45:23,789 | INFO     | __main__ | Foydalanuvchi to'xtatdi.
2026-04-16 10:45:26,963 | INFO     | __main__ | 🎭 Mafia Bot v3.0 ishga tushmoqda...
2026-04-16 10:45:26,968 | INFO     | __main__ | ✅ Ma'lumotlar bazasi tayyor.
2026-04-16 10:45:27,838 | INFO     | __main__ | ✅ Bot: @Mafia_uz_probot (ID:7970200923)
2026-04-16 10:45:27,839 | INFO     | __main__ | ⚙️  Min:4 | Max:15 | Lobby:120s | Tun:45s | Kun:90s | Ovoz:50s
2026-04-16 10:45:27,839 | INFO     | __main__ | ════════════════════════════════════════════════════════════
2026-04-16 10:45:27,839 | INFO     | aiogram.dispatcher | Start polling
2026-04-16 10:45:27,936 | INFO     | aiogram.dispatcher | Run polling for bot @Mafia_uz_probot id=7970200923 - 'Mafia Pro'
2026-04-16 10:45:35,343 | INFO     | aiogram.event | Update id=560136941 is handled. Duration 327 ms by bot id=7970200923
2026-04-16 10:45:38,295 | INFO     | aiogram.event | Update id=560136942 is handled. Duration 141 ms by bot id=7970200923
2026-04-16 10:45:40,706 | INFO     | aiogram.event | Update id=560136943 is handled. Duration 141 ms by bot id=7970200923
